INFO [2023-07-14 21:33:26] $x
INFO [2023-07-14 21:33:26] values
INFO [2023-07-14 21:33:26] 
INFO [2023-07-14 21:33:26] $filename
INFO [2023-07-14 21:33:26] NULL
INFO [2023-07-14 21:33:26] 
INFO [2023-07-14 21:33:26] $imagetype
INFO [2023-07-14 21:33:26] [1] "png"
INFO [2023-07-14 21:33:26] 
INFO [2023-07-14 21:33:26] $output
INFO [2023-07-14 21:33:26] [1] FALSE
INFO [2023-07-14 21:33:26] 
INFO [2023-07-14 21:33:26] $main
INFO [2023-07-14 21:33:26] [1] "Venn Diagram"
INFO [2023-07-14 21:33:26] 
INFO [2023-07-14 21:33:26] $col
INFO [2023-07-14 21:33:26] [1] "skyblue"
INFO [2023-07-14 21:33:26] 
INFO [2023-07-14 21:33:26] $fill
INFO [2023-07-14 21:33:26] c("skyblue", "pink")
INFO [2023-07-14 21:33:26] 
INFO [2023-07-14 21:33:26] $alpha
INFO [2023-07-14 21:33:26] [1] 0.5
INFO [2023-07-14 21:33:26] 
INFO [2023-07-14 21:33:26] $label.col
INFO [2023-07-14 21:33:26] [1] "black"
INFO [2023-07-14 21:33:26] 
INFO [2023-07-14 21:33:26] $fontfamily
INFO [2023-07-14 21:33:26] [1] "sans"
INFO [2023-07-14 21:33:26] 
INFO [2023-07-14 21:33:26] $fontface
INFO [2023-07-14 21:33:26] [1] "bold"
INFO [2023-07-14 21:33:26] 
INFO [2023-07-14 21:33:26] $fontsize
INFO [2023-07-14 21:33:26] [1] 14
INFO [2023-07-14 21:33:26] 
ERROR [2023-07-14 21:33:26] Unexpected parameter length for "fill"
