INFO [2023-07-14 21:33:46] $x
INFO [2023-07-14 21:33:46] values
INFO [2023-07-14 21:33:46] 
INFO [2023-07-14 21:33:46] $filename
INFO [2023-07-14 21:33:46] NULL
INFO [2023-07-14 21:33:46] 
INFO [2023-07-14 21:33:46] $imagetype
INFO [2023-07-14 21:33:46] [1] "png"
INFO [2023-07-14 21:33:46] 
INFO [2023-07-14 21:33:46] $output
INFO [2023-07-14 21:33:46] [1] FALSE
INFO [2023-07-14 21:33:46] 
INFO [2023-07-14 21:33:46] $main
INFO [2023-07-14 21:33:46] [1] "Venn Diagram"
INFO [2023-07-14 21:33:46] 
INFO [2023-07-14 21:33:46] $col
INFO [2023-07-14 21:33:46] [1] "skyblue"
INFO [2023-07-14 21:33:46] 
INFO [2023-07-14 21:33:46] $alpha
INFO [2023-07-14 21:33:46] [1] 0.5
INFO [2023-07-14 21:33:46] 
INFO [2023-07-14 21:33:46] $label.col
INFO [2023-07-14 21:33:46] [1] "black"
INFO [2023-07-14 21:33:46] 
INFO [2023-07-14 21:33:46] $fontfamily
INFO [2023-07-14 21:33:46] [1] "sans"
INFO [2023-07-14 21:33:46] 
INFO [2023-07-14 21:33:46] $fontface
INFO [2023-07-14 21:33:46] [1] "bold"
INFO [2023-07-14 21:33:46] 
INFO [2023-07-14 21:33:46] $fontsize
INFO [2023-07-14 21:33:46] [1] 14
INFO [2023-07-14 21:33:46] 
